<?xml version="1.0" encoding="UTF-8"?>
<!-- Generated by org.testng.reporters.JUnitReportReporter -->
<testsuite hostname="LIE-5CG9343LNV" failures="0" tests="5" name="StepDefinitions.TestRunner" time="114.006" errors="0" timestamp="2021-06-11T10:43:29 IST" skipped="0">
  <testcase classname="StepDefinitions.TestRunner" name="runScenario" time="22.966"/>
  <system-out/>
  <testcase classname="StepDefinitions.TestRunner" name="runScenario" time="20.732"/>
  <system-out/>
  <testcase classname="StepDefinitions.TestRunner" name="runScenario" time="25.457"/>
  <system-out/>
  <testcase classname="StepDefinitions.TestRunner" name="runScenario" time="22.653"/>
  <system-out/>
  <testcase classname="StepDefinitions.TestRunner" name="runScenario" time="22.198"/>
  <system-out/>
</testsuite> <!-- StepDefinitions.TestRunner -->
