<?xml version="1.0" encoding="UTF-8"?>
<!-- Generated by org.testng.reporters.JUnitReportReporter -->
<testsuite hostname="LIE-5CG9343RYC" failures="0" tests="3" name="StepDefinitions.SchoolsHtml" time="7.388" errors="0" timestamp="2021-05-28T09:23:34 IST" skipped="0">
  <testcase classname="StepDefinitions.SchoolsHtml" name="navigate_to_3schools_home_page" time="1.767"/>
  <system-out/>
  <testcase classname="StepDefinitions.SchoolsHtml" name="validate_title_text" time="0.772"/>
  <system-out/>
  <testcase classname="StepDefinitions.SchoolsHtml" name="check_the_firefox_browser_is_open" time="4.849"/>
  <system-out/>
</testsuite> <!-- StepDefinitions.SchoolsHtml -->
